<?xml version="1.0" encoding="UTF-8"?>
<!-- Generated by org.testng.reporters.JUnitReportReporter -->
<testsuite hostname="KoyalKrishna" failures="0" tests="1" name="PraticeCRUDwithBDD.CreateProject" time="3.508" errors="0" timestamp="2022-02-09T23:53:00 IST" skipped="0">
  <testcase classname="PraticeCRUDwithBDD.CreateProject" name="CreateProject" time="3.508"/>
  <system-out/>
</testsuite> <!-- PraticeCRUDwithBDD.CreateProject -->
