<?xml version="1.0" encoding="UTF-8"?>
<!-- Generated by org.testng.reporters.JUnitReportReporter -->
<testsuite hostname="KoyalKrishna" failures="0" tests="1" name="requestChaining.RequectChainingTest" time="4.983" errors="0" timestamp="2022-02-11T14:13:48 IST" skipped="0">
  <testcase classname="requestChaining.RequectChainingTest" name="Chaining" time="4.983"/>
  <system-out/>
</testsuite> <!-- requestChaining.RequectChainingTest -->
