<?xml version="1.0" encoding="UTF-8"?>
<!-- Generated by org.testng.reporters.JUnitReportReporter -->
<testsuite hostname="KoyalKrishna" failures="0" tests="1" name="PraticeCRUDwithBDD.CreateAResource" time="3.598" errors="0" timestamp="2022-02-11T14:50:26 IST" skipped="0">
  <testcase classname="PraticeCRUDwithBDD.CreateAResource" name="CreateAResource" time="3.598"/>
  <system-out/>
</testsuite> <!-- PraticeCRUDwithBDD.CreateAResource -->
