<?xml version="1.0" encoding="UTF-8"?>
<!-- Generated by org.testng.reporters.JUnitReportReporter -->
<testsuite hostname="KoyalKrishna" failures="0" tests="1" name="PraticeCRUDwithBDD.GetSingleProject" time="2.676" errors="0" timestamp="2022-02-09T23:53:50 IST" skipped="0">
  <testcase classname="PraticeCRUDwithBDD.GetSingleProject" name="GetSingleProject" time="2.676"/>
  <system-out/>
</testsuite> <!-- PraticeCRUDwithBDD.GetSingleProject -->
