<?xml version="1.0" encoding="UTF-8"?>
<!-- Generated by org.testng.reporters.JUnitReportReporter -->
<testsuite hostname="KoyalKrishna" failures="0" tests="1" name="requestChaining.RequestChainigAssignments" time="2.616" errors="0" timestamp="2022-02-11T14:30:04 IST" skipped="0">
  <testcase classname="requestChaining.RequestChainigAssignments" name="createPost" time="2.616"/>
  <system-out/>
</testsuite> <!-- requestChaining.RequestChainigAssignments -->
