<?xml version="1.0" encoding="UTF-8"?>
<!-- Generated by org.testng.reporters.JUnitReportReporter -->
<testsuite hostname="KoyalKrishna" failures="0" tests="1" name="PraticeCRUDwithBDD.UpdateProject" time="3.209" errors="0" timestamp="2022-02-09T23:54:03 IST" skipped="0">
  <testcase classname="PraticeCRUDwithBDD.UpdateProject" name="UpdateProject" time="3.209"/>
  <system-out/>
</testsuite> <!-- PraticeCRUDwithBDD.UpdateProject -->
