<?xml version="1.0" encoding="UTF-8"?>
<!-- Generated by org.testng.reporters.JUnitReportReporter -->
<testsuite hostname="KoyalKrishna" failures="0" tests="1" name="PraticeCRUDwithBDD.DeleteProject" time="2.915" errors="0" timestamp="2022-02-10T10:19:55 IST" skipped="0">
  <testcase classname="PraticeCRUDwithBDD.DeleteProject" name="deleteProject" time="2.915"/>
  <system-out/>
</testsuite> <!-- PraticeCRUDwithBDD.DeleteProject -->
