<?xml version="1.0" encoding="UTF-8"?>
<!-- Generated by org.testng.reporters.JUnitReportReporter -->
<testsuite hostname="KoyalKrishna" failures="0" tests="1" name="PraticeCRUDwithBDD.GetAllProjects" time="3.664" errors="0" timestamp="2022-02-10T10:36:24 IST" skipped="0">
  <testcase classname="PraticeCRUDwithBDD.GetAllProjects" name="GetAllProjects" time="3.664"/>
  <system-out/>
</testsuite> <!-- PraticeCRUDwithBDD.GetAllProjects -->
